#
# There is insufficient memory for the Java Runtime Environment to continue.
# Native memory allocation (malloc) failed to allocate 32744 bytes for ChunkPool::allocate
# Possible reasons:
#   The system is out of physical RAM or swap space
#   In 32 bit mode, the process size limit was hit
# Possible solutions:
#   Reduce memory load on the system
#   Increase physical memory or swap space
#   Check if swap backing store is full
#   Use 64 bit Java on a 64 bit OS
#   Decrease Java heap size (-Xmx/-Xms)
#   Decrease number of Java threads
#   Decrease Java thread stack sizes (-Xss)
#   Set larger code cache with -XX:ReservedCodeCacheSize=
# This output file may be truncated or incomplete.
#
#  Out of Memory Error (allocation.cpp:273), pid=12012, tid=9956
#
# JRE version: Java(TM) SE Runtime Environment (8.0_71-b15) (build 1.8.0_71-b15)
# Java VM: Java HotSpot(TM) 64-Bit Server VM (25.71-b15 mixed mode windows-amd64 compressed oops)
# Failed to write core dump. Minidumps are not enabled by default on client versions of Windows
#

---------------  T H R E A D  ---------------

Current thread (0x0000000016dfc800):  JavaThread "C1 CompilerThread2" daemon [_thread_in_native, id=9956, stack(0x00000000172f0000,0x00000000173f0000)]

Stack: [0x00000000172f0000,0x00000000173f0000]
[error occurred during error reporting (printing stack bounds), id 0xc0000005]

Native frames: (J=compiled Java code, j=interpreted, Vv=VM code, C=native code)


Current CompileTask:
C1:    519   93       3       sun.nio.cs.UTF_8$Decoder::decode (779 bytes)


---------------  P R O C E S S  ---------------

Java Threads: ( => current thread )
  0x0000000016e70800 JavaThread "Service Thread" daemon [_thread_blocked, id=17296, stack(0x00000000173f0000,0x00000000174f0000)]
=>0x0000000016dfc800 JavaThread "C1 CompilerThread2" daemon [_thread_in_native, id=9956, stack(0x00000000172f0000,0x00000000173f0000)]
  0x0000000016df0800 JavaThread "C2 CompilerThread1" daemon [_thread_blocked, id=13680, stack(0x00000000171f0000,0x00000000172f0000)]
  0x00000000157fc800 JavaThread "C2 CompilerThread0" daemon [_thread_blocked, id=17684, stack(0x0000000016cf0000,0x0000000016df0000)]
  0x00000000157af800 JavaThread "Attach Listener" daemon [_thread_blocked, id=7188, stack(0x0000000016bf0000,0x0000000016cf0000)]
  0x00000000157af000 JavaThread "Signal Dispatcher" daemon [_thread_blocked, id=16488, stack(0x0000000016af0000,0x0000000016bf0000)]
  0x00000000030c1800 JavaThread "Finalizer" daemon [_thread_blocked, id=18028, stack(0x00000000169f0000,0x0000000016af0000)]
  0x00000000030be000 JavaThread "Reference Handler" daemon [_thread_blocked, id=1320, stack(0x00000000168f0000,0x00000000169f0000)]
  0x0000000002fce000 JavaThread "main" [_thread_in_vm, id=18296, stack(0x0000000002df0000,0x0000000002ef0000)]

Other Threads:
  0x0000000015767800 VMThread [stack: 0x00000000167f0000,0x00000000168f0000] [id=15108]
  0x0000000016ea4000 WatcherThread [stack: 0x00000000174f0000,0x00000000175f0000] [id=10028]

VM state:not at safepoint (normal execution)

VM Mutex/Monitor currently owned by a thread:  ([mutex/lock_event])
[0x0000000002fcd610] AdapterHandlerLibrary_lock - owner thread: 0x0000000002fce000

Heap:
 PSYoungGen      total 18944K, used 2622K [0x00000000eab00000, 0x00000000ec000000, 0x0000000100000000)
  eden space 16384K, 16% used [0x00000000eab00000,0x00000000ead8f938,0x00000000ebb00000)
  from space 2560K, 0% used [0x00000000ebd80000,0x00000000ebd80000,0x00000000ec000000)
  to   space 2560K, 0% used [0x00000000ebb00000,0x00000000ebb00000,0x00000000ebd80000)
 ParOldGen       total 44032K, used 0K [0x00000000c0000000, 0x00000000c2b00000, 0x00000000eab00000)
  object space 44032K, 0% used [0x00000000c0000000,0x00000000c0000000,0x00000000c2b00000)
 Metaspace       used 3317K, capacity 4720K, committed 4864K, reserved 1056768K
  class space    used 366K, capacity 424K, committed 512K, reserved 1048576K

Card table byte_map: [0x0000000012490000,0x00000000126a0000] byte_map_base: 0x0000000011e90000

Marking Bits: (ParMarkBitMap*) 0x0000000060d1f600
 Begin Bits: [0x0000000012c00000, 0x0000000013c00000)
 End Bits:   [0x0000000013c00000, 0x0000000014c00000)

Polling page: 0x00000000012f0000

CodeCache: size=245760Kb used=1226Kb max_used=1226Kb free=244533Kb
 bounds [0x00000000030d0000, 0x0000000003340000, 0x00000000120d0000]
 total_blobs=336 nmethods=94 adapters=156
 compilation: enabled

Compilation events (10 events):
Event: 0.510 Thread 0x0000000016dfc800 nmethod 87 0x00000000032010d0 code [0x0000000003201240, 0x00000000032013f0]
Event: 0.511 Thread 0x0000000016dfc800   88       3       java.util.zip.ZipFile::access$400 (5 bytes)
Event: 0.511 Thread 0x0000000016dfc800 nmethod 88 0x0000000003201550 code [0x00000000032016a0, 0x00000000032017d0]
Event: 0.511 Thread 0x0000000016dfc800   89       3       java.util.zip.ZipFile::ensureOpen (37 bytes)
Event: 0.511 Thread 0x0000000016dfc800 nmethod 89 0x0000000003201890 code [0x0000000003201a20, 0x0000000003201cf8]
Event: 0.515 Thread 0x0000000016dfc800   91       1       java.util.zip.ZipFile::access$300 (5 bytes)
Event: 0.515 Thread 0x0000000016dfc800 nmethod 91 0x00000000032021d0 code [0x0000000003202320, 0x0000000003202410]
Event: 0.515 Thread 0x0000000016dfc800   92       1       java.util.zip.ZipCoder::isUTF8 (5 bytes)
Event: 0.515 Thread 0x0000000016dfc800 nmethod 92 0x0000000003202490 code [0x00000000032025e0, 0x00000000032026f0]
Event: 0.515 Thread 0x0000000016dfc800   93       3       sun.nio.cs.UTF_8$Decoder::decode (779 bytes)

GC Heap History (0 events):
No events

Deoptimization events (0 events):
No events

Internal exceptions (2 events):
Event: 0.091 Thread 0x0000000002fce000 Exception <a 'java/lang/NoSuchMethodError': Method sun.misc.Unsafe.defineClass(Ljava/lang/String;[BII)Ljava/lang/Class; name or signature does not match> (0x00000000eab130b8) thrown at [C:\re\workspace\8-2-build-windows-amd64-cygwin\jdk8u71\5731\hotspot\srœÁã3∑?
Event: 0.091 Thread 0x0000000002fce000 Exception <a 'java/lang/NoSuchMethodError': Method sun.misc.Unsafe.prefetchRead(Ljava/lang/Object;J)V name or signature does not match> (0x00000000eab133a0) thrown at [C:\re\workspace\8-2-build-windows-amd64-cygwin\jdk8u71\5731\hotspot\src\share\vm\prims\j

Events (10 events):
Event: 0.506 loading class java/util/concurrent/LinkedBlockingQueue$Node
Event: 0.507 loading class java/util/concurrent/LinkedBlockingQueue$Node done
Event: 0.507 loading class com/android/dx/cf/direct/ClassPathOpener
Event: 0.507 loading class com/android/dx/cf/direct/ClassPathOpener done
Event: 0.508 loading class com/android/dx/cf/direct/ClassPathOpener$1
Event: 0.508 loading class com/android/dx/cf/direct/ClassPathOpener$1 done
Event: 0.509 loading class com/android/dx/command/dexer/Main$FileBytesConsumer
Event: 0.509 loading class com/android/dx/command/dexer/Main$FileBytesConsumer done
Event: 0.510 loading class java/util/zip/ZipFile$ZipEntryIterator
Event: 0.510 loading class java/util/zip/ZipFile$ZipEntryIterator done


Dynamic libraries:
0x00007ff617680000 - 0x00007ff6176b7000 	C:\Program Files\Java\jdk1.8.0_71\bin\java.exe
0x00007ffdff550000 - 0x00007ffdff711000 	C:\Program Files\Java\jdk1.8.0_71\jre\bin\java.dll
0x00007ffdff0a0000 - 0x00007ffdff14d000 	C:\Windows\system32\KERNEL32.DLL
0x00007ffdfc130000 - 0x00007ffdfc30d000 	C:\Windows\system32\KERNELBASE.dll
0x00007ffdfd150000 - 0x00007ffdfd1f6000 	C:\Windows\system32\ADVAPI32.dll
0x00007ffdfcc60000 - 0x00007ffdfccfd000 	C:\Windows\system32\msvcrt.dll
0x00007ffdfd5c0000 - 0x00007ffdfd61b000 	C:\Program Files\Java\jdk1.8.0_71\bin\java.exe
0x00007ffdfd900000 - 0x00007ffdfda26000 	C:\Windows\system32\KERNELBASE.dll
0x00007ffdff150000 - 0x00007ffdff29e000 	C:\Windows\system32\sechost.dll
0x00007ffdfd270000 - 0x00007ffdfd3f6000 	C:\Windows\system32\GDI32.dll
0x00007ffdf13b0000 - 0x00007ffdf1624000 	C:\Windows\WinSxS\amd64_microsoft.windows.common-controls_6595b64144ccf1df_6.0.10240.16384_none_f41f7b285750ef43\COMCTL32.dll
0x00007ffdfcc20000 - 0x00007ffdfcc56000 	C:\Windows\system32\IMM32.DLL
0x00007ffdfcff0000 - 0x00007ffdfd14c000 	C:\Program Files\Java\jdk1.8.0_71\jre\bin\msvcr100.dll
0x000000005ffe0000 - 0x00000000600b2000 	C:\Windows\system32\NSI.dll
0x0000000060510000 - 0x0000000060d9f000 	C:\Program Files\Java\jdk1.8.0_71\jre\bin\server\jvm.dll
0x00007ffdfcfe0000 - 0x00007ffdfcfe8000 	C:\Windows\SYSTEM32\WINMMBASE.dll
0x00007ffdf7190000 - 0x00007ffdf7199000 	C:\Windows\system32\cfgmgr32.dll
0x00007ffdfd200000 - 0x00007ffdfd269000 	C:\Windows\system32\WS2_32.dll
0x00007ffdff090000 - 0x00007ffdff098000 	C:\Windows\system32\NSI.dll
0x00007ffdfa540000 - 0x00007ffdfa563000 	C:\Windows\SYSTEM32\WINMM.dll
0x00007ffdf95d0000 - 0x00007ffdf95da000 	C:\Windows\SYSTEM32\VERSION.dll
0x00007ffdfa510000 - 0x00007ffdfa53c000 	C:\Windows\system32\KERNEL32.DLL
0x00007ffdfc0e0000 - 0x00007ffdfc124000 	C:\Windows\system32\USER32.dll
0x00007ffdfa8d0000 - 0x00007ffdfa8f7000 	C:\Windows\WinSxS\amd64_microsoft.windows.common-controls_6595b64144ccf1df_6.0.10240.16384_none_f41f7b285750ef43\COMCTL32.dll
0x0000000060500000 - 0x000000006050f000 	C:\Program Files\Java\jdk1.8.0_71\jre\bin\msvcr100.dll
0x00000000604d0000 - 0x00000000604f9000 	C:\Windows\system32\PSAPI.DLL
0x00000000604b0000 - 0x00000000604c6000 	C:\Windows\system32\WS2_32.dll
0x00007ffdfda30000 - 0x00007ffdfef52000 	C:\Windows\SYSTEM32\WINMM.dll
0x00007ffdfc540000 - 0x00007ffdfcb68000 	C:\Windows\SYSTEM32\WINMMBASE.dll
0x00007ffdfd620000 - 0x00007ffdfd89c000 	C:\Windows\system32\combase.dll
0x00007ffdfcd00000 - 0x00007ffdfcd51000 	C:\Program Files\Java\jdk1.8.0_71\jre\bin\verify.dll
0x00007ffdfbfd0000 - 0x00007ffdfbfdf000 	C:\Program Files\Java\jdk1.8.0_71\jre\bin\zip.dll
0x00007ffdfc020000 - 0x00007ffdfc0d3000 	C:\Windows\system32\shcore.dll
0x00007ffdfbf80000 - 0x00007ffdfbfca000 	C:\Windows\system32\sechost.dll
0x00007ffdfc000000 - 0x00007ffdfc013000 	C:\Windows\WinSxS\amd64_microsoft.windows.common-controls_6595b64144ccf1df_6.0.10240.16384_none_f41f7b285750ef43\COMCTL32.dll

VM Arguments:
jvm_args: -Djava.awt.headless=true -Xmx1024M -Dfile.encoding=GBK -Duser.country=CN -Duser.language=zh -Duser.variant 
java_command: com.android.dx.command.Main --dex --num-threads=4 --output D:\GitProject\BuyMeSth\app\build\intermediates\pre-dexed\debug\com.android.support-design-23.3.0_5ea1161030dd868be1ff4ffbcc83e730af4df20d.jar D:\GitProject\BuyMeSth\app\build\intermediates\exploded-aar\com.android.support\design\23.3.0\jars\classes.jar
java_class_path (initial): F:\Users\IamRabbit\AppData\Local\Android\sdk1\build-tools\23.0.3\lib\dx.jar
Launcher Type: SUN_STANDARD

Environment Variables:
JAVA_HOME=C:\Program Files\Java\jdk1.8.0_71\
CLASSPATH=.;C:\Program Files\Java\jre1.8.0_71\\lib;C:\Program Files\Java\jre1.8.0_71\\lib\tools.jar
PATH=C:\ProgramData\Oracle\Java\javapath;C:\Program Files (x86)\AMD APP\bin\x86_64;C:\Program Files (x86)\AMD APP\bin\x86;C:\Windows\system32;C:\Windows;C:\Windows\System32\Wbem;C:\Windows\System32\WindowsPowerShell\v1.0\;D:\Program Files\ATI Technologies\ATI.ACE\Core-Static;E:\Program Files\AMD\ATI.ACE\Core-Static;C:\Program Files (x86)\ATI Technologies\ATI.ACE\Core-Static;C:\Program Files (x86)\Windows Kits\8.1\Windows Performance Toolkit\;C:\Program Files\Microsoft SQL Server\110\Tools\Binn\;C:\Program Files\Java\jre1.8.0_71\\bin;C:\Program Files\Java\jre1.8.0_71\\jre\bin;F:\Users\IamRabbit\AppData\Local\Android\sdk1\platform-tools
USERNAME=IamRabbit
OS=Windows_NT
PROCESSOR_IDENTIFIER=AMD64 Family 21 Model 16 Stepping 1, AuthenticAMD



---------------  S Y S T E M  ---------------

OS: Windows 10.0 , 64 bit Build 10240 (10.0.10240.16384)

CPU:total 4 (4 cores per cpu, 1 threads per core) family 21 model 16 stepping 1, cmov, cx8, fxsr, mmx, sse, sse2, sse3, ssse3, sse4.1, sse4.2, popcnt, avx, aes, clmul, mmxext, 3dnowpref, lzcnt, sse4a, tsc, tscinvbit, tscinv, bmi1

Memory: 4k page, physical 4147032k(300760k free), swap 6244184k(3300k free)

vm_info: Java HotSpot(TM) 64-Bit Server VM (25.71-b15) for windows-amd64 JRE (1.8.0_71-b15), built on Dec 22 2015 18:15:55 by "java_re" with MS VC++ 10.0 (VS2010)

time: Thu Aug 11 16:10:51 2016
elapsed time: 0 seconds (0d 0h 0m 0s)

