#
# There is insufficient memory for the Java Runtime Environment to continue.
# Native memory allocation (malloc) failed to allocate 1537456 bytes for Chunk::new
# Possible reasons:
#   The system is out of physical RAM or swap space
#   In 32 bit mode, the process size limit was hit
# Possible solutions:
#   Reduce memory load on the system
#   Increase physical memory or swap space
#   Check if swap backing store is full
#   Use 64 bit Java on a 64 bit OS
#   Decrease Java heap size (-Xmx/-Xms)
#   Decrease number of Java threads
#   Decrease Java thread stack sizes (-Xss)
#   Set larger code cache with -XX:ReservedCodeCacheSize=
# This output file may be truncated or incomplete.
#
#  Out of Memory Error (allocation.cpp:390), pid=7020, tid=1536
#
# JRE version: Java(TM) SE Runtime Environment (8.0_71-b15) (build 1.8.0_71-b15)
# Java VM: Java HotSpot(TM) 64-Bit Server VM (25.71-b15 mixed mode windows-amd64 compressed oops)
# Failed to write core dump. Minidumps are not enabled by default on client versions of Windows
#

---------------  T H R E A D  ---------------

Current thread (0x000000001592b800):  JavaThread "C2 CompilerThread0" daemon [_thread_in_native, id=1536, stack(0x0000000016e20000,0x0000000016f20000)]

Stack: [0x0000000016e20000,0x0000000016f20000]
[error occurred during error reporting (printing stack bounds), id 0xc0000005]

Native frames: (J=compiled Java code, j=interpreted, Vv=VM code, C=native code)


Current CompileTask:
C2:  10157 1328   !   4       com.android.dx.cf.cst.ConstantPoolParser::parse0 (731 bytes)


---------------  P R O C E S S  ---------------

Java Threads: ( => current thread )
  0x00000000171c0800 JavaThread "pool-1-thread-4" [_thread_in_Java, id=4244, stack(0x0000000017b20000,0x0000000017c20000)]
  0x00000000171c0000 JavaThread "pool-1-thread-3" [_thread_blocked, id=11424, stack(0x0000000017a20000,0x0000000017b20000)]
  0x00000000171ad000 JavaThread "pool-1-thread-2" [_thread_in_Java, id=5292, stack(0x0000000017920000,0x0000000017a20000)]
  0x00000000171ac000 JavaThread "pool-2-thread-1" [_thread_blocked, id=10368, stack(0x0000000017820000,0x0000000017920000)]
  0x00000000171ab800 JavaThread "pool-1-thread-1" [_thread_in_vm, id=8692, stack(0x0000000017720000,0x0000000017820000)]
  0x0000000016f81800 JavaThread "Service Thread" daemon [_thread_blocked, id=7032, stack(0x0000000017520000,0x0000000017620000)]
  0x0000000016f7b000 JavaThread "C1 CompilerThread2" daemon [_thread_blocked, id=3160, stack(0x0000000017420000,0x0000000017520000)]
  0x000000001592d800 JavaThread "C2 CompilerThread1" daemon [_thread_in_native, id=2444, stack(0x0000000017320000,0x0000000017420000)]
=>0x000000001592b800 JavaThread "C2 CompilerThread0" daemon [_thread_in_native, id=1536, stack(0x0000000016e20000,0x0000000016f20000)]
  0x00000000158de800 JavaThread "Attach Listener" daemon [_thread_blocked, id=8348, stack(0x0000000016d20000,0x0000000016e20000)]
  0x00000000158de000 JavaThread "Signal Dispatcher" daemon [_thread_blocked, id=8412, stack(0x0000000016c20000,0x0000000016d20000)]
  0x00000000030f0800 JavaThread "Finalizer" daemon [_thread_blocked, id=10488, stack(0x0000000016b20000,0x0000000016c20000)]
  0x00000000030ed000 JavaThread "Reference Handler" daemon [_thread_blocked, id=5868, stack(0x0000000016a20000,0x0000000016b20000)]
  0x00000000031fe000 JavaThread "main" [_thread_in_Java, id=11664, stack(0x0000000002b70000,0x0000000002c70000)]

Other Threads:
  0x0000000015897800 VMThread [stack: 0x0000000016920000,0x0000000016a20000] [id=7836]
  0x0000000016fcc000 WatcherThread [stack: 0x0000000017620000,0x0000000017720000] [id=9604]

VM state:not at safepoint (normal execution)

VM Mutex/Monitor currently owned by a thread: None

Heap:
 PSYoungGen      total 35328K, used 14743K [0x00000000eab00000, 0x00000000ed000000, 0x0000000100000000)
  eden space 32768K, 37% used [0x00000000eab00000,0x00000000eb6e9410,0x00000000ecb00000)
  from space 2560K, 99% used [0x00000000ecd80000,0x00000000ecffcab0,0x00000000ed000000)
  to   space 2560K, 0% used [0x00000000ecb00000,0x00000000ecb00000,0x00000000ecd80000)
 ParOldGen       total 44032K, used 2101K [0x00000000c0000000, 0x00000000c2b00000, 0x00000000eab00000)
  object space 44032K, 4% used [0x00000000c0000000,0x00000000c020d6b8,0x00000000c2b00000)
 Metaspace       used 6176K, capacity 7028K, committed 7296K, reserved 1056768K
  class space    used 601K, capacity 620K, committed 640K, reserved 1048576K

Card table byte_map: [0x00000000125c0000,0x00000000127d0000] byte_map_base: 0x0000000011fc0000

Marking Bits: (ParMarkBitMap*) 0x000000006cf7f600
 Begin Bits: [0x0000000012d30000, 0x0000000013d30000)
 End Bits:   [0x0000000013d30000, 0x0000000014d30000)

Polling page: 0x00000000013f0000

CodeCache: size=245760Kb used=5788Kb max_used=5788Kb free=239971Kb
 bounds [0x0000000003200000, 0x00000000037b0000, 0x0000000012200000]
 total_blobs=1694 nmethods=1424 adapters=184
 compilation: enabled

Compilation events (10 events):
Event: 10.130 Thread 0x0000000016f7b000 1420       3       com.android.dx.rop.code.BasicBlockList::<init> (11 bytes)
Event: 10.130 Thread 0x0000000016f7b000 nmethod 1420 0x00000000037a5490 code [0x00000000037a5600, 0x00000000037a58b8]
Event: 10.132 Thread 0x0000000016f7b000 1421       3       com.android.dx.cf.code.LocalVariableList::get (9 bytes)
Event: 10.132 Thread 0x0000000016f7b000 nmethod 1421 0x00000000037a59d0 code [0x00000000037a5b40, 0x00000000037a5e28]
Event: 10.132 Thread 0x0000000016f7b000 1422       3       com.android.dx.cf.code.LocalVariableList::set (21 bytes)
Event: 10.132 Thread 0x0000000016f7b000 nmethod 1422 0x00000000037a5ed0 code [0x00000000037a60c0, 0x00000000037a69b8]
Event: 10.135 Thread 0x0000000016f7b000 1424       3       com.android.dx.dex.file.ValueEncoder::addContents (75 bytes)
Event: 10.136 Thread 0x0000000016f7b000 nmethod 1424 0x00000000037a6fd0 code [0x00000000037a7280, 0x00000000037a88f8]
Event: 10.138 Thread 0x0000000016f7b000 1425       3       sun.util.calendar.CalendarDate::setNormalized (6 bytes)
Event: 10.138 Thread 0x0000000016f7b000 nmethod 1425 0x00000000037a9550 code [0x00000000037a96a0, 0x00000000037a97f0]

GC Heap History (4 events):
Event: 8.153 GC heap before
{Heap before GC invocations=1 (full 0):
 PSYoungGen      total 18944K, used 16384K [0x00000000eab00000, 0x00000000ec000000, 0x0000000100000000)
  eden space 16384K, 100% used [0x00000000eab00000,0x00000000ebb00000,0x00000000ebb00000)
  from space 2560K, 0% used [0x00000000ebd80000,0x00000000ebd80000,0x00000000ec000000)
  to   space 2560K, 0% used [0x00000000ebb00000,0x00000000ebb00000,0x00000000ebd80000)
 ParOldGen       total 44032K, used 0K [0x00000000c0000000, 0x00000000c2b00000, 0x00000000eab00000)
  object space 44032K, 0% used [0x00000000c0000000,0x00000000c0000000,0x00000000c2b00000)
 Metaspace       used 4354K, capacity 5392K, committed 5760K, reserved 1056768K
  class space    used 481K, capacity 520K, committed 640K, reserved 1048576K
Event: 8.334 GC heap after
Heap after GC invocations=1 (full 0):
 PSYoungGen      total 18944K, used 2289K [0x00000000eab00000, 0x00000000ed000000, 0x0000000100000000)
  eden space 16384K, 0% used [0x00000000eab00000,0x00000000eab00000,0x00000000ebb00000)
  from space 2560K, 89% used [0x00000000ebb00000,0x00000000ebd3c690,0x00000000ebd80000)
  to   space 2560K, 0% used [0x00000000ecd80000,0x00000000ecd80000,0x00000000ed000000)
 ParOldGen       total 44032K, used 8K [0x00000000c0000000, 0x00000000c2b00000, 0x00000000eab00000)
  object space 44032K, 0% used [0x00000000c0000000,0x00000000c0002000,0x00000000c2b00000)
 Metaspace       used 4354K, capacity 5392K, committed 5760K, reserved 1056768K
  class space    used 481K, capacity 520K, committed 640K, reserved 1048576K
}
Event: 9.822 GC heap before
{Heap before GC invocations=2 (full 0):
 PSYoungGen      total 18944K, used 18673K [0x00000000eab00000, 0x00000000ed000000, 0x0000000100000000)
  eden space 16384K, 100% used [0x00000000eab00000,0x00000000ebb00000,0x00000000ebb00000)
  from space 2560K, 89% used [0x00000000ebb00000,0x00000000ebd3c690,0x00000000ebd80000)
  to   space 2560K, 0% used [0x00000000ecd80000,0x00000000ecd80000,0x00000000ed000000)
 ParOldGen       total 44032K, used 8K [0x00000000c0000000, 0x00000000c2b00000, 0x00000000eab00000)
  object space 44032K, 0% used [0x00000000c0000000,0x00000000c0002000,0x00000000c2b00000)
 Metaspace       used 6027K, capacity 6898K, committed 7040K, reserved 1056768K
  class space    used 598K, capacity 618K, committed 640K, reserved 1048576K
Event: 9.845 GC heap after
Heap after GC invocations=2 (full 0):
 PSYoungGen      total 35328K, used 2546K [0x00000000eab00000, 0x00000000ed000000, 0x0000000100000000)
  eden space 32768K, 0% used [0x00000000eab00000,0x00000000eab00000,0x00000000ecb00000)
  from space 2560K, 99% used [0x00000000ecd80000,0x00000000ecffcab0,0x00000000ed000000)
  to   space 2560K, 0% used [0x00000000ecb00000,0x00000000ecb00000,0x00000000ecd80000)
 ParOldGen       total 44032K, used 2101K [0x00000000c0000000, 0x00000000c2b00000, 0x00000000eab00000)
  object space 44032K, 4% used [0x00000000c0000000,0x00000000c020d6b8,0x00000000c2b00000)
 Metaspace       used 6027K, capacity 6898K, committed 7040K, reserved 1056768K
  class space    used 598K, capacity 618K, committed 640K, reserved 1048576K
}

Deoptimization events (10 events):
Event: 9.415 Thread 0x00000000171c0800 Uncommon trap: reason=unstable_if action=reinterpret pc=0x00000000034a5130 method=java.util.BitSet.nextSetBit(I)I @ 87
Event: 9.852 Thread 0x00000000171ab800 Uncommon trap: reason=unstable_if action=reinterpret pc=0x00000000036741e8 method=com.android.dx.rop.code.RegisterSpecSet.put(Lcom/android/dx/rop/code/RegisterSpec;)V @ 77
Event: 9.853 Thread 0x00000000171ab800 Uncommon trap: reason=unstable_if action=reinterpret pc=0x0000000003675e80 method=com.android.dx.rop.code.RegisterSpecSet.put(Lcom/android/dx/rop/code/RegisterSpec;)V @ 77
Event: 9.893 Thread 0x00000000171ab800 Uncommon trap: reason=class_check action=maybe_recompile pc=0x00000000036a7040 method=com.android.dx.ssa.NormalSsaInsn.accept(Lcom/android/dx/ssa/SsaInsn$Visitor;)V @ 9
Event: 9.893 Thread 0x00000000171ab800 Uncommon trap: reason=class_check action=maybe_recompile pc=0x00000000034df430 method=com.android.dx.ssa.NormalSsaInsn.accept(Lcom/android/dx/ssa/SsaInsn$Visitor;)V @ 9
Event: 9.893 Thread 0x00000000171ab800 Uncommon trap: reason=class_check action=maybe_recompile pc=0x00000000034df430 method=com.android.dx.ssa.NormalSsaInsn.accept(Lcom/android/dx/ssa/SsaInsn$Visitor;)V @ 9
Event: 9.894 Thread 0x00000000171ab800 Uncommon trap: reason=class_check action=maybe_recompile pc=0x00000000036a7040 method=com.android.dx.ssa.NormalSsaInsn.accept(Lcom/android/dx/ssa/SsaInsn$Visitor;)V @ 9
Event: 9.894 Thread 0x00000000171ab800 Uncommon trap: reason=class_check action=maybe_recompile pc=0x00000000034df430 method=com.android.dx.ssa.NormalSsaInsn.accept(Lcom/android/dx/ssa/SsaInsn$Visitor;)V @ 9
Event: 9.896 Thread 0x00000000171ab800 Uncommon trap: reason=class_check action=maybe_recompile pc=0x0000000003516844 method=com.android.dx.ssa.NormalSsaInsn.accept(Lcom/android/dx/ssa/SsaInsn$Visitor;)V @ 9
Event: 10.113 Thread 0x00000000031fe000 Uncommon trap: reason=unstable_if action=reinterpret pc=0x00000000037376f8 method=com.android.dx.rop.cst.StdConstantPool.set(ILcom/android/dx/rop/cst/Constant;)V @ 12

Internal exceptions (2 events):
Event: 0.169 Thread 0x00000000031fe000 Exception <a 'java/lang/NoSuchMethodError': Method sun.misc.Unsafe.defineClass(Ljava/lang/String;[BII)Ljava/lang/Class; name or signature does not match> (0x00000000eab130b8) thrown at [C:\re\workspace\8-2-build-windows-amd64-cygwin\jdk8u71\5731\hotspot\sr<¡.*H­Å?
Event: 0.169 Thread 0x00000000031fe000 Exception <a 'java/lang/NoSuchMethodError': Method sun.misc.Unsafe.prefetchRead(Ljava/lang/Object;J)V name or signature does not match> (0x00000000eab133a0) thrown at [C:\re\workspace\8-2-build-windows-amd64-cygwin\jdk8u71\5731\hotspot\src\share\vm\prims\j

Events (10 events):
Event: 9.894 Thread 0x00000000171ab800 DEOPT PACKING pc=0x00000000034df430 sp=0x000000001781e6b0
Event: 9.894 Thread 0x00000000171ab800 DEOPT UNPACKING pc=0x000000000324582a sp=0x000000001781e650 mode 2
Event: 9.896 Thread 0x00000000171ab800 Uncommon trap: trap_request=0xffffffde fr.pc=0x0000000003516844
Event: 9.896 Thread 0x00000000171ab800 DEOPT PACKING pc=0x0000000003516844 sp=0x000000001781e700
Event: 9.896 Thread 0x00000000171ab800 DEOPT UNPACKING pc=0x000000000324582a sp=0x000000001781e650 mode 2
Event: 9.977 loading class com/android/dx/dex/file/FieldAnnotationStruct
Event: 9.977 loading class com/android/dx/dex/file/FieldAnnotationStruct done
Event: 10.113 Thread 0x00000000031fe000 Uncommon trap: trap_request=0xffffff65 fr.pc=0x00000000037376f8
Event: 10.113 Thread 0x00000000031fe000 DEOPT PACKING pc=0x00000000037376f8 sp=0x0000000002c6eb80
Event: 10.113 Thread 0x00000000031fe000 DEOPT UNPACKING pc=0x000000000324582a sp=0x0000000002c6eb10 mode 2


Dynamic libraries:
0x00007ff7c5f60000 - 0x00007ff7c5f97000 	C:\Program Files\Java\jdk1.8.0_71\bin\java.exe
0x00007ffd38230000 - 0x00007ffd383f1000 	C:\Windows\SYSTEM32\ntdll.dll
0x00007ffd37650000 - 0x00007ffd376fd000 	C:\Windows\system32\KERNEL32.DLL
0x00007ffd356c0000 - 0x00007ffd3589d000 	C:\Windows\system32\KERNELBASE.dll
0x00007ffd38180000 - 0x00007ffd38226000 	C:\Windows\system32\ADVAPI32.dll
0x00007ffd37760000 - 0x00007ffd377fd000 	C:\Windows\system32\msvcrt.dll
0x00007ffd37700000 - 0x00007ffd3775b000 	C:\Windows\system32\sechost.dll
0x00007ffd37d20000 - 0x00007ffd37e46000 	C:\Windows\system32\RPCRT4.dll
0x00007ffd37500000 - 0x00007ffd3764e000 	C:\Windows\system32\USER32.dll
0x00007ffd36ea0000 - 0x00007ffd37026000 	C:\Windows\system32\GDI32.dll
0x00007ffd2a230000 - 0x00007ffd2a4a4000 	C:\Windows\WinSxS\amd64_microsoft.windows.common-controls_6595b64144ccf1df_6.0.10240.16384_none_f41f7b285750ef43\COMCTL32.dll
0x00007ffd374c0000 - 0x00007ffd374f6000 	C:\Windows\system32\IMM32.DLL
0x00007ffd37b90000 - 0x00007ffd37cec000 	C:\Windows\system32\MSCTF.dll
0x000000006c2f0000 - 0x000000006c3c2000 	C:\Program Files\Java\jdk1.8.0_71\jre\bin\msvcr100.dll
0x000000006c770000 - 0x000000006cfff000 	C:\Program Files\Java\jdk1.8.0_71\jre\bin\server\jvm.dll
0x00007ffd37cf0000 - 0x00007ffd37cf8000 	C:\Windows\system32\PSAPI.DLL
0x00007ffd32f80000 - 0x00007ffd32f89000 	C:\Windows\SYSTEM32\WSOCK32.dll
0x00007ffd37800000 - 0x00007ffd37869000 	C:\Windows\system32\WS2_32.dll
0x00007ffd37e50000 - 0x00007ffd37e58000 	C:\Windows\system32\NSI.dll
0x00007ffd32890000 - 0x00007ffd328b3000 	C:\Windows\SYSTEM32\WINMM.dll
0x00007ffd32630000 - 0x00007ffd3263a000 	C:\Windows\SYSTEM32\VERSION.dll
0x00007ffd32860000 - 0x00007ffd3288c000 	C:\Windows\SYSTEM32\WINMMBASE.dll
0x00007ffd34f90000 - 0x00007ffd34fd4000 	C:\Windows\system32\cfgmgr32.dll
0x00007ffd335b0000 - 0x00007ffd335d7000 	C:\Windows\SYSTEM32\DEVOBJ.dll
0x000000006c760000 - 0x000000006c76f000 	C:\Program Files\Java\jdk1.8.0_71\jre\bin\verify.dll
0x000000006c730000 - 0x000000006c759000 	C:\Program Files\Java\jdk1.8.0_71\jre\bin\java.dll
0x000000006c710000 - 0x000000006c726000 	C:\Program Files\Java\jdk1.8.0_71\jre\bin\zip.dll
0x00007ffd35970000 - 0x00007ffd36e92000 	C:\Windows\system32\SHELL32.dll
0x00007ffd35090000 - 0x00007ffd356b8000 	C:\Windows\system32\windows.storage.dll
0x00007ffd371d0000 - 0x00007ffd3744c000 	C:\Windows\system32\combase.dll
0x00007ffd37170000 - 0x00007ffd371c1000 	C:\Windows\system32\shlwapi.dll
0x00007ffd34cf0000 - 0x00007ffd34cff000 	C:\Windows\system32\kernel.appcore.dll
0x00007ffd34ed0000 - 0x00007ffd34f83000 	C:\Windows\system32\shcore.dll
0x00007ffd34c80000 - 0x00007ffd34cca000 	C:\Windows\system32\powrprof.dll
0x00007ffd34c60000 - 0x00007ffd34c73000 	C:\Windows\system32\profapi.dll

VM Arguments:
jvm_args: -Djava.awt.headless=true -Xmx1024M -Dfile.encoding=GBK -Duser.country=CN -Duser.language=zh -Duser.variant 
java_command: com.android.dx.command.Main --dex --num-threads=4 --output D:\GitProject\BuyMeSth\app\build\intermediates\pre-dexed\debug\rxjava-1.1.6_7e208a73c0d7d6a7e5184030a8a0faa6f797e8d2.jar D:\GitProject\BuyMeSth\app\build\intermediates\exploded-aar\cn.bmob.android\bmob-sdk\3.5.0\jars\libs\rxjava-1.1.6.jar
java_class_path (initial): F:\Users\IamRabbit\AppData\Local\Android\sdk1\build-tools\23.0.3\lib\dx.jar
Launcher Type: SUN_STANDARD

Environment Variables:
JAVA_HOME=C:\Program Files\Java\jdk1.8.0_71\
CLASSPATH=.;C:\Program Files\Java\jre1.8.0_71\\lib;C:\Program Files\Java\jre1.8.0_71\\lib\tools.jar
PATH=C:\ProgramData\Oracle\Java\javapath;C:\Program Files (x86)\AMD APP\bin\x86_64;C:\Program Files (x86)\AMD APP\bin\x86;C:\Windows\system32;C:\Windows;C:\Windows\System32\Wbem;C:\Windows\System32\WindowsPowerShell\v1.0\;D:\Program Files\ATI Technologies\ATI.ACE\Core-Static;E:\Program Files\AMD\ATI.ACE\Core-Static;C:\Program Files (x86)\ATI Technologies\ATI.ACE\Core-Static;C:\Program Files (x86)\Windows Kits\8.1\Windows Performance Toolkit\;C:\Program Files\Microsoft SQL Server\110\Tools\Binn\;C:\Program Files\Java\jre1.8.0_71\\bin;C:\Program Files\Java\jre1.8.0_71\\jre\bin;F:\Users\IamRabbit\AppData\Local\Android\sdk1\platform-tools
USERNAME=IamRabbit
OS=Windows_NT
PROCESSOR_IDENTIFIER=AMD64 Family 21 Model 16 Stepping 1, AuthenticAMD



---------------  S Y S T E M  ---------------

OS: Windows 10.0 , 64 bit Build 10240 (10.0.10240.16384)

CPU:total 4 (4 cores per cpu, 1 threads per core) family 21 model 16 stepping 1, cmov, cx8, fxsr, mmx, sse, sse2, sse3, ssse3, sse4.1, sse4.2, popcnt, avx, aes, clmul, mmxext, 3dnowpref, lzcnt, sse4a, tsc, tscinvbit, tscinv, bmi1

Memory: 4k page, physical 4147032k(441756k free), swap 6244184k(23816k free)

vm_info: Java HotSpot(TM) 64-Bit Server VM (25.71-b15) for windows-amd64 JRE (1.8.0_71-b15), built on Dec 22 2015 18:15:55 by "java_re" with MS VC++ 10.0 (VS2010)

time: Wed Aug 03 12:07:37 2016
elapsed time: 10 seconds (0d 0h 0m 10s)

