#
# There is insufficient memory for the Java Runtime Environment to continue.
# Native memory allocation (malloc) failed to allocate 1081360 bytes for Chunk::new
# Possible reasons:
#   The system is out of physical RAM or swap space
#   In 32 bit mode, the process size limit was hit
# Possible solutions:
#   Reduce memory load on the system
#   Increase physical memory or swap space
#   Check if swap backing store is full
#   Use 64 bit Java on a 64 bit OS
#   Decrease Java heap size (-Xmx/-Xms)
#   Decrease number of Java threads
#   Decrease Java thread stack sizes (-Xss)
#   Set larger code cache with -XX:ReservedCodeCacheSize=
# This output file may be truncated or incomplete.
#
#  Out of Memory Error (allocation.cpp:390), pid=8756, tid=9684
#
# JRE version: Java(TM) SE Runtime Environment (8.0_71-b15) (build 1.8.0_71-b15)
# Java VM: Java HotSpot(TM) 64-Bit Server VM (25.71-b15 mixed mode windows-amd64 compressed oops)
# Failed to write core dump. Minidumps are not enabled by default on client versions of Windows
#

---------------  T H R E A D  ---------------

Current thread (0x0000000014ffb800):  JavaThread "C2 CompilerThread0" daemon [_thread_in_native, id=9684, stack(0x00000000164f0000,0x00000000165f0000)]

Stack: [0x00000000164f0000,0x00000000165f0000]
[error occurred during error reporting (printing stack bounds), id 0xc0000005]

Native frames: (J=compiled Java code, j=interpreted, Vv=VM code, C=native code)


Current CompileTask:
C2:    988 1142   !   4       com.android.dx.cf.code.BytecodeArray::parseInstruction (2764 bytes)


---------------  P R O C E S S  ---------------

Java Threads: ( => current thread )
  0x00000000167a8800 JavaThread "pool-1-thread-3" [_thread_in_Java, id=15964, stack(0x00000000170f0000,0x00000000171f0000)]
  0x00000000167a6800 JavaThread "pool-2-thread-1" [_thread_blocked, id=5056, stack(0x0000000016ef0000,0x0000000016ff0000)]
  0x000000001679d800 JavaThread "pool-1-thread-1" [_thread_in_Java, id=13916, stack(0x0000000016df0000,0x0000000016ef0000)]
  0x000000001667c800 JavaThread "Service Thread" daemon [_thread_blocked, id=12500, stack(0x0000000016bf0000,0x0000000016cf0000)]
  0x00000000165ff000 JavaThread "C1 CompilerThread2" daemon [_thread_blocked, id=9096, stack(0x0000000016af0000,0x0000000016bf0000)]
  0x0000000014ffe000 JavaThread "C2 CompilerThread1" daemon [_thread_in_native, id=11300, stack(0x00000000169f0000,0x0000000016af0000)]
=>0x0000000014ffb800 JavaThread "C2 CompilerThread0" daemon [_thread_in_native, id=9684, stack(0x00000000164f0000,0x00000000165f0000)]
  0x0000000014faf000 JavaThread "Attach Listener" daemon [_thread_blocked, id=7608, stack(0x00000000163f0000,0x00000000164f0000)]
  0x0000000014fae000 JavaThread "Signal Dispatcher" daemon [_thread_blocked, id=4588, stack(0x00000000162f0000,0x00000000163f0000)]
  0x0000000002830800 JavaThread "Finalizer" daemon [_thread_blocked, id=15088, stack(0x00000000161f0000,0x00000000162f0000)]
  0x0000000014f69000 JavaThread "Reference Handler" daemon [_thread_blocked, id=1168, stack(0x00000000160f0000,0x00000000161f0000)]
  0x00000000028ce000 JavaThread "main" [_thread_blocked, id=2136, stack(0x0000000002270000,0x0000000002370000)]

Other Threads:
  0x0000000014f66800 VMThread [stack: 0x0000000015ff0000,0x00000000160f0000] [id=9512]
  0x00000000166c2800 WatcherThread [stack: 0x0000000016cf0000,0x0000000016df0000] [id=12616]

VM state:not at safepoint (normal execution)

VM Mutex/Monitor currently owned by a thread: None

Heap:
 PSYoungGen      total 18944K, used 14981K [0x00000000eab00000, 0x00000000ec000000, 0x0000000100000000)
  eden space 16384K, 76% used [0x00000000eab00000,0x00000000eb7295d8,0x00000000ebb00000)
  from space 2560K, 98% used [0x00000000ebb00000,0x00000000ebd78160,0x00000000ebd80000)
  to   space 2560K, 0% used [0x00000000ebd80000,0x00000000ebd80000,0x00000000ec000000)
 ParOldGen       total 44032K, used 2089K [0x00000000c0000000, 0x00000000c2b00000, 0x00000000eab00000)
  object space 44032K, 4% used [0x00000000c0000000,0x00000000c020a5e8,0x00000000c2b00000)
 Metaspace       used 6018K, capacity 6900K, committed 7040K, reserved 1056768K
  class space    used 603K, capacity 620K, committed 640K, reserved 1048576K

Card table byte_map: [0x0000000011c90000,0x0000000011ea0000] byte_map_base: 0x0000000011690000

Marking Bits: (ParMarkBitMap*) 0x0000000060d1f600
 Begin Bits: [0x0000000012400000, 0x0000000013400000)
 End Bits:   [0x0000000013400000, 0x0000000014400000)

Polling page: 0x0000000000b20000

CodeCache: size=245760Kb used=4702Kb max_used=4719Kb free=241057Kb
 bounds [0x00000000028d0000, 0x0000000002d70000, 0x00000000118d0000]
 total_blobs=1438 nmethods=1168 adapters=184
 compilation: enabled

Compilation events (10 events):
Event: 0.954 Thread 0x00000000165ff000 1171       3       com.android.dx.ssa.BasicRegisterMapper::oldToNew (22 bytes)
Event: 0.954 Thread 0x00000000165ff000 nmethod 1171 0x0000000002d560d0 code [0x0000000002d56240, 0x0000000002d56528]
Event: 0.954 Thread 0x00000000165ff000 1172       3       com.android.dx.rop.code.ThrowingInsn::withNewRegisters (21 bytes)
Event: 0.954 Thread 0x00000000165ff000 nmethod 1172 0x0000000002d60bd0 code [0x0000000002d60d40, 0x0000000002d61068]
Event: 0.955 Thread 0x00000000165ff000 1173       3       com.android.dx.dex.code.RopTranslator::pickOrder (400 bytes)
Event: 0.957 Thread 0x00000000165ff000 nmethod 1173 0x0000000002d61150 code [0x0000000002d61480, 0x0000000002d63598]
Event: 0.957 Thread 0x00000000165ff000 1174       3       com.android.dx.rop.code.ThrowingInsn::accept (8 bytes)
Event: 0.958 Thread 0x00000000165ff000 nmethod 1174 0x0000000002d64890 code [0x0000000002d64a00, 0x0000000002d64c28]
Event: 0.972 Thread 0x0000000014ffe000 nmethod 1130 0x0000000002d69310 code [0x0000000002d695e0, 0x0000000002d6af20]
Event: 0.972 Thread 0x0000000014ffe000 1170       4       com.android.dx.ssa.SsaBasicBlock::forEachInsn (37 bytes)

GC Heap History (2 events):
Event: 0.668 GC heap before
{Heap before GC invocations=1 (full 0):
 PSYoungGen      total 18944K, used 16384K [0x00000000eab00000, 0x00000000ec000000, 0x0000000100000000)
  eden space 16384K, 100% used [0x00000000eab00000,0x00000000ebb00000,0x00000000ebb00000)
  from space 2560K, 0% used [0x00000000ebd80000,0x00000000ebd80000,0x00000000ec000000)
  to   space 2560K, 0% used [0x00000000ebb00000,0x00000000ebb00000,0x00000000ebd80000)
 ParOldGen       total 44032K, used 0K [0x00000000c0000000, 0x00000000c2b00000, 0x00000000eab00000)
  object space 44032K, 0% used [0x00000000c0000000,0x00000000c0000000,0x00000000c2b00000)
 Metaspace       used 5779K, capacity 6706K, committed 6784K, reserved 1056768K
  class space    used 600K, capacity 618K, committed 640K, reserved 1048576K
Event: 0.679 GC heap after
Heap after GC invocations=1 (full 0):
 PSYoungGen      total 18944K, used 2528K [0x00000000eab00000, 0x00000000ec000000, 0x0000000100000000)
  eden space 16384K, 0% used [0x00000000eab00000,0x00000000eab00000,0x00000000ebb00000)
  from space 2560K, 98% used [0x00000000ebb00000,0x00000000ebd78160,0x00000000ebd80000)
  to   space 2560K, 0% used [0x00000000ebd80000,0x00000000ebd80000,0x00000000ec000000)
 ParOldGen       total 44032K, used 2089K [0x00000000c0000000, 0x00000000c2b00000, 0x00000000eab00000)
  object space 44032K, 4% used [0x00000000c0000000,0x00000000c020a5e8,0x00000000c2b00000)
 Metaspace       used 5779K, capacity 6706K, committed 6784K, reserved 1056768K
  class space    used 600K, capacity 618K, committed 640K, reserved 1048576K
}

Deoptimization events (7 events):
Event: 0.561 Thread 0x00000000028ce000 Uncommon trap: reason=unstable_if action=reinterpret pc=0x0000000002b29d5c method=java.lang.String.<init>([CII)V @ 18
Event: 0.692 Thread 0x000000001679d800 Uncommon trap: reason=null_check action=make_not_entrant pc=0x0000000002bc3960 method=com.android.dx.rop.type.Type.equals(Ljava/lang/Object;)Z @ 8
Event: 0.928 Thread 0x000000001679d800 Uncommon trap: reason=class_check action=maybe_recompile pc=0x0000000002b82484 method=com.android.dx.ssa.NormalSsaInsn.accept(Lcom/android/dx/ssa/SsaInsn$Visitor;)V @ 9
Event: 0.933 Thread 0x000000001679d800 Uncommon trap: reason=class_check action=maybe_recompile pc=0x0000000002b82484 method=com.android.dx.ssa.NormalSsaInsn.accept(Lcom/android/dx/ssa/SsaInsn$Visitor;)V @ 9
Event: 0.944 Thread 0x000000001679d800 Uncommon trap: reason=class_check action=maybe_recompile pc=0x0000000002b82484 method=com.android.dx.ssa.NormalSsaInsn.accept(Lcom/android/dx/ssa/SsaInsn$Visitor;)V @ 9
Event: 0.944 Thread 0x000000001679d800 Uncommon trap: reason=class_check action=maybe_recompile pc=0x0000000002b82484 method=com.android.dx.ssa.NormalSsaInsn.accept(Lcom/android/dx/ssa/SsaInsn$Visitor;)V @ 9
Event: 0.944 Thread 0x000000001679d800 Uncommon trap: reason=class_check action=maybe_recompile pc=0x0000000002b269f0 method=com.android.dx.ssa.NormalSsaInsn.accept(Lcom/android/dx/ssa/SsaInsn$Visitor;)V @ 9

Internal exceptions (3 events):
Event: 0.081 Thread 0x00000000028ce000 Exception <a 'java/lang/NoSuchMethodError': Method sun.misc.Unsafe.defineClass(Ljava/lang/String;[BII)Ljava/lang/Class; name or signature does not match> (0x00000000eab130b8) thrown at [C:\re\workspace\8-2-build-windows-amd64-cygwin\jdk8u71\5731\hotspot\srõ&f¤¥´?
Event: 0.081 Thread 0x00000000028ce000 Exception <a 'java/lang/NoSuchMethodError': Method sun.misc.Unsafe.prefetchRead(Ljava/lang/Object;J)V name or signature does not match> (0x00000000eab133a0) thrown at [C:\re\workspace\8-2-build-windows-amd64-cygwin\jdk8u71\5731\hotspot\src\share\vm\prims\jçÐi	A!æ?
Event: 0.692 Thread 0x000000001679d800 Implicit null exception at 0x0000000002bc3862 to 0x0000000002bc3952

Events (10 events):
Event: 0.933 Thread 0x000000001679d800 DEOPT UNPACKING pc=0x000000000291582a sp=0x0000000016eee680 mode 2
Event: 0.944 Thread 0x000000001679d800 Uncommon trap: trap_request=0xffffffde fr.pc=0x0000000002b82484
Event: 0.944 Thread 0x000000001679d800 DEOPT PACKING pc=0x0000000002b82484 sp=0x0000000016eee7d0
Event: 0.944 Thread 0x000000001679d800 DEOPT UNPACKING pc=0x000000000291582a sp=0x0000000016eee710 mode 2
Event: 0.944 Thread 0x000000001679d800 Uncommon trap: trap_request=0xffffffde fr.pc=0x0000000002b82484
Event: 0.944 Thread 0x000000001679d800 DEOPT PACKING pc=0x0000000002b82484 sp=0x0000000016eee7d0
Event: 0.944 Thread 0x000000001679d800 DEOPT UNPACKING pc=0x000000000291582a sp=0x0000000016eee710 mode 2
Event: 0.944 Thread 0x000000001679d800 Uncommon trap: trap_request=0xffffffde fr.pc=0x0000000002b269f0
Event: 0.944 Thread 0x000000001679d800 DEOPT PACKING pc=0x0000000002b269f0 sp=0x0000000016eee760
Event: 0.944 Thread 0x000000001679d800 DEOPT UNPACKING pc=0x000000000291582a sp=0x0000000016eee700 mode 2


Dynamic libraries:
0x00007ff617680000 - 0x00007ff6176b7000 	C:\Program Files\Java\jdk1.8.0_71\bin\java.exe
0x00007ffdff550000 - 0x00007ffdff711000 	C:\Windows\SYSTEM32\ntdll.dll
0x00007ffdff0a0000 - 0x00007ffdff14d000 	C:\Windows\system32\KERNEL32.DLL
0x00007ffdfc130000 - 0x00007ffdfc30d000 	C:\Windows\system32\KERNELBASE.dll
0x00007ffdfd150000 - 0x00007ffdfd1f6000 	C:\Windows\system32\ADVAPI32.dll
0x00007ffdfcc60000 - 0x00007ffdfccfd000 	C:\Windows\system32\msvcrt.dll
0x00007ffdfd5c0000 - 0x00007ffdfd61b000 	C:\Windows\system32\sechost.dll
0x00007ffdfd900000 - 0x00007ffdfda26000 	C:\Windows\system32\RPCRT4.dll
0x00007ffdff150000 - 0x00007ffdff29e000 	C:\Windows\system32\USER32.dll
0x00007ffdfd270000 - 0x00007ffdfd3f6000 	C:\Windows\system32\GDI32.dll
0x00007ffdf13b0000 - 0x00007ffdf1624000 	C:\Windows\WinSxS\amd64_microsoft.windows.common-controls_6595b64144ccf1df_6.0.10240.16384_none_f41f7b285750ef43\COMCTL32.dll
0x00007ffdfcc20000 - 0x00007ffdfcc56000 	C:\Windows\system32\IMM32.DLL
0x00007ffdfcff0000 - 0x00007ffdfd14c000 	C:\Windows\system32\MSCTF.dll
0x000000005ffe0000 - 0x00000000600b2000 	C:\Program Files\Java\jdk1.8.0_71\jre\bin\msvcr100.dll
0x0000000060510000 - 0x0000000060d9f000 	C:\Program Files\Java\jdk1.8.0_71\jre\bin\server\jvm.dll
0x00007ffdfcfe0000 - 0x00007ffdfcfe8000 	C:\Windows\system32\PSAPI.DLL
0x00007ffdfa540000 - 0x00007ffdfa563000 	C:\Windows\SYSTEM32\WINMM.dll
0x00007ffdf95d0000 - 0x00007ffdf95da000 	C:\Windows\SYSTEM32\VERSION.dll
0x00007ffdf7190000 - 0x00007ffdf7199000 	C:\Windows\SYSTEM32\WSOCK32.dll
0x00007ffdfd200000 - 0x00007ffdfd269000 	C:\Windows\system32\WS2_32.dll
0x00007ffdff090000 - 0x00007ffdff098000 	C:\Windows\system32\NSI.dll
0x0000000000ad0000 - 0x0000000000afc000 	C:\Windows\SYSTEM32\WINMMBASE.dll
0x00007ffdfc0e0000 - 0x00007ffdfc124000 	C:\Windows\system32\cfgmgr32.dll
0x00007ffdfa8d0000 - 0x00007ffdfa8f7000 	C:\Windows\SYSTEM32\DEVOBJ.dll
0x0000000060500000 - 0x000000006050f000 	C:\Program Files\Java\jdk1.8.0_71\jre\bin\verify.dll
0x00000000604d0000 - 0x00000000604f9000 	C:\Program Files\Java\jdk1.8.0_71\jre\bin\java.dll
0x00000000604b0000 - 0x00000000604c6000 	C:\Program Files\Java\jdk1.8.0_71\jre\bin\zip.dll
0x00007ffdfda30000 - 0x00007ffdfef52000 	C:\Windows\system32\SHELL32.dll
0x00007ffdfc540000 - 0x00007ffdfcb68000 	C:\Windows\system32\windows.storage.dll
0x00007ffdfd620000 - 0x00007ffdfd89c000 	C:\Windows\system32\combase.dll
0x00007ffdfcd00000 - 0x00007ffdfcd51000 	C:\Windows\system32\shlwapi.dll
0x00007ffdfbfd0000 - 0x00007ffdfbfdf000 	C:\Windows\system32\kernel.appcore.dll
0x00007ffdfc020000 - 0x00007ffdfc0d3000 	C:\Windows\system32\shcore.dll
0x00007ffdfbf80000 - 0x00007ffdfbfca000 	C:\Windows\system32\powrprof.dll
0x00007ffdfc000000 - 0x00007ffdfc013000 	C:\Windows\system32\profapi.dll

VM Arguments:
jvm_args: -Djava.awt.headless=true -Xmx1024M -Dfile.encoding=GBK -Duser.country=CN -Duser.language=zh -Duser.variant 
java_command: com.android.dx.command.Main --dex --num-threads=4 --output D:\GitProject\BuyMeSth\app\build\intermediates\pre-dexed\debug\butterknife-7.0.1_cff53b746718dfe0d3911f9785b914ab154d9685.jar C:\Users\IamRabbit\.gradle\caches\modules-2\files-2.1\com.jakewharton\butterknife\7.0.1\d5d13ea991eab0252e3710e5df3d6a9d4b21d461\butterknife-7.0.1.jar
java_class_path (initial): F:\Users\IamRabbit\AppData\Local\Android\sdk1\build-tools\23.0.3\lib\dx.jar
Launcher Type: SUN_STANDARD

Environment Variables:
JAVA_HOME=C:\Program Files\Java\jdk1.8.0_71\
CLASSPATH=.;C:\Program Files\Java\jre1.8.0_71\\lib;C:\Program Files\Java\jre1.8.0_71\\lib\tools.jar
PATH=C:\ProgramData\Oracle\Java\javapath;C:\Program Files (x86)\AMD APP\bin\x86_64;C:\Program Files (x86)\AMD APP\bin\x86;C:\Windows\system32;C:\Windows;C:\Windows\System32\Wbem;C:\Windows\System32\WindowsPowerShell\v1.0\;D:\Program Files\ATI Technologies\ATI.ACE\Core-Static;E:\Program Files\AMD\ATI.ACE\Core-Static;C:\Program Files (x86)\ATI Technologies\ATI.ACE\Core-Static;C:\Program Files (x86)\Windows Kits\8.1\Windows Performance Toolkit\;C:\Program Files\Microsoft SQL Server\110\Tools\Binn\;C:\Program Files\Java\jre1.8.0_71\\bin;C:\Program Files\Java\jre1.8.0_71\\jre\bin;F:\Users\IamRabbit\AppData\Local\Android\sdk1\platform-tools
USERNAME=IamRabbit
OS=Windows_NT
PROCESSOR_IDENTIFIER=AMD64 Family 21 Model 16 Stepping 1, AuthenticAMD



---------------  S Y S T E M  ---------------

OS: Windows 10.0 , 64 bit Build 10240 (10.0.10240.16384)

CPU:total 4 (4 cores per cpu, 1 threads per core) family 21 model 16 stepping 1, cmov, cx8, fxsr, mmx, sse, sse2, sse3, ssse3, sse4.1, sse4.2, popcnt, avx, aes, clmul, mmxext, 3dnowpref, lzcnt, sse4a, tsc, tscinvbit, tscinv, bmi1

Memory: 4k page, physical 4147032k(278948k free), swap 6244184k(5304k free)

vm_info: Java HotSpot(TM) 64-Bit Server VM (25.71-b15) for windows-amd64 JRE (1.8.0_71-b15), built on Dec 22 2015 18:15:55 by "java_re" with MS VC++ 10.0 (VS2010)

time: Thu Aug 11 16:10:54 2016
elapsed time: 0 seconds (0d 0h 0m 0s)

