#
# There is insufficient memory for the Java Runtime Environment to continue.
# Native memory allocation (malloc) failed to allocate 32744 bytes for ChunkPool::allocate
# Possible reasons:
#   The system is out of physical RAM or swap space
#   In 32 bit mode, the process size limit was hit
# Possible solutions:
#   Reduce memory load on the system
#   Increase physical memory or swap space
#   Check if swap backing store is full
#   Use 64 bit Java on a 64 bit OS
#   Decrease Java heap size (-Xmx/-Xms)
#   Decrease number of Java threads
#   Decrease Java thread stack sizes (-Xss)
#   Set larger code cache with -XX:ReservedCodeCacheSize=
# This output file may be truncated or incomplete.
#
#  Out of Memory Error (allocation.cpp:273), pid=1492, tid=12724
#
# JRE version: Java(TM) SE Runtime Environment (8.0_71-b15) (build 1.8.0_71-b15)
# Java VM: Java HotSpot(TM) 64-Bit Server VM (25.71-b15 mixed mode windows-amd64 compressed oops)
# Failed to write core dump. Minidumps are not enabled by default on client versions of Windows
#

---------------  T H R E A D  ---------------

Current thread (0x000000001503d800):  JavaThread "C2 CompilerThread1" daemon [_thread_in_native, id=12724, stack(0x0000000016a40000,0x0000000016b40000)]

Stack: [0x0000000016a40000,0x0000000016b40000]
[error occurred during error reporting (printing stack bounds), id 0xc0000005]

Native frames: (J=compiled Java code, j=interpreted, Vv=VM code, C=native code)


Current CompileTask:
C2:    688  784   !   4       com.android.dx.rop.code.RegisterSpec::intern (70 bytes)


---------------  P R O C E S S  ---------------

Java Threads: ( => current thread )
  0x00000000168a8000 JavaThread "pool-1-thread-4" [_thread_in_Java, id=2988, stack(0x0000000017a40000,0x0000000017b40000)]
  0x00000000168a7000 JavaThread "pool-1-thread-3" [_thread_in_Java, id=15012, stack(0x0000000017940000,0x0000000017a40000)]
  0x00000000168a6000 JavaThread "pool-1-thread-2" [_thread_in_Java, id=16276, stack(0x0000000017840000,0x0000000017940000)]
  0x00000000168a5800 JavaThread "pool-2-thread-1" [_thread_blocked, id=12220, stack(0x0000000017740000,0x0000000017840000)]
  0x000000001695b800 JavaThread "pool-1-thread-1" [_thread_in_vm, id=12752, stack(0x0000000017640000,0x0000000017740000)]
  0x00000000166b5800 JavaThread "Service Thread" daemon [_thread_blocked, id=13516, stack(0x0000000016c40000,0x0000000016d40000)]
  0x0000000016645800 JavaThread "C1 CompilerThread2" daemon [_thread_in_native, id=6568, stack(0x0000000016b40000,0x0000000016c40000)]
=>0x000000001503d800 JavaThread "C2 CompilerThread1" daemon [_thread_in_native, id=12724, stack(0x0000000016a40000,0x0000000016b40000)]
  0x000000001503b800 JavaThread "C2 CompilerThread0" daemon [_thread_in_native, id=12956, stack(0x0000000016540000,0x0000000016640000)]
  0x0000000014fef000 JavaThread "Attach Listener" daemon [_thread_blocked, id=14320, stack(0x0000000016440000,0x0000000016540000)]
  0x0000000014fee000 JavaThread "Signal Dispatcher" daemon [_thread_blocked, id=17464, stack(0x0000000016340000,0x0000000016440000)]
  0x0000000002906000 JavaThread "Finalizer" daemon [_thread_blocked, id=10916, stack(0x0000000016240000,0x0000000016340000)]
  0x00000000028fd000 JavaThread "Reference Handler" daemon [_thread_blocked, id=7888, stack(0x0000000016140000,0x0000000016240000)]
  0x00000000021de000 JavaThread "main" [_thread_in_Java, id=10592, stack(0x0000000002710000,0x0000000002810000)]

Other Threads:
  0x0000000014fa7800 VMThread [stack: 0x0000000016040000,0x0000000016140000] [id=18328]
  0x00000000166fc000 WatcherThread [stack: 0x0000000016d40000,0x0000000016e40000] [id=11992]

VM state:not at safepoint (normal execution)

VM Mutex/Monitor currently owned by a thread: None

Heap:
 PSYoungGen      total 18944K, used 7914K [0x00000000eab00000, 0x00000000ed000000, 0x0000000100000000)
  eden space 16384K, 32% used [0x00000000eab00000,0x00000000eb03e898,0x00000000ebb00000)
  from space 2560K, 99% used [0x00000000ebb00000,0x00000000ebd7c0e8,0x00000000ebd80000)
  to   space 2560K, 0% used [0x00000000ecd80000,0x00000000ecd80000,0x00000000ed000000)
 ParOldGen       total 44032K, used 1111K [0x00000000c0000000, 0x00000000c2b00000, 0x00000000eab00000)
  object space 44032K, 2% used [0x00000000c0000000,0x00000000c0115e80,0x00000000c2b00000)
 Metaspace       used 5818K, capacity 6708K, committed 6784K, reserved 1056768K
  class space    used 604K, capacity 620K, committed 640K, reserved 1048576K

Card table byte_map: [0x0000000011cd0000,0x0000000011ee0000] byte_map_base: 0x00000000116d0000

Marking Bits: (ParMarkBitMap*) 0x0000000060d1f600
 Begin Bits: [0x0000000012440000, 0x0000000013440000)
 End Bits:   [0x0000000013440000, 0x0000000014440000)

Polling page: 0x0000000002160000

CodeCache: size=245760Kb used=2958Kb max_used=2969Kb free=242801Kb
 bounds [0x0000000002910000, 0x0000000002c00000, 0x0000000011910000]
 total_blobs=1056 nmethods=786 adapters=184
 compilation: enabled

Compilation events (10 events):
Event: 0.674 Thread 0x000000001503b800  804       4       com.android.dx.rop.code.RegisterSpecList::<init> (6 bytes)
Event: 0.676 Thread 0x000000001503b800 nmethod 804 0x0000000002bf7690 code [0x0000000002bf77e0, 0x0000000002bf78f8]
Event: 0.676 Thread 0x000000001503b800  805       4       java.util.Arrays::copyOf (46 bytes)
Event: 0.678 Thread 0x000000001503b800 nmethod 805 0x0000000002bf7290 code [0x0000000002bf73e0, 0x0000000002bf7558]
Event: 0.678 Thread 0x000000001503b800  806  s    4       java.util.Vector::removeElementAt (115 bytes)
Event: 0.680 Thread 0x000000001503b800 nmethod 806 0x0000000002bf6d10 code [0x0000000002bf6e60, 0x0000000002bf7118]
Event: 0.680 Thread 0x000000001503b800  807       4       com.android.dx.ssa.NormalSsaInsn::getLocalAssignment (54 bytes)
Event: 0.682 Thread 0x000000001503b800 nmethod 807 0x0000000002bf6890 code [0x0000000002bf69e0, 0x0000000002bf6af8]
Event: 0.682 Thread 0x000000001503b800  808       4       com.android.dx.util.LabeledList::indexOfLabel (22 bytes)
Event: 0.685 Thread 0x000000001503b800 nmethod 808 0x0000000002bf6550 code [0x0000000002bf66a0, 0x0000000002bf6758]

GC Heap History (2 events):
Event: 0.571 GC heap before
{Heap before GC invocations=1 (full 0):
 PSYoungGen      total 18944K, used 16384K [0x00000000eab00000, 0x00000000ec000000, 0x0000000100000000)
  eden space 16384K, 100% used [0x00000000eab00000,0x00000000ebb00000,0x00000000ebb00000)
  from space 2560K, 0% used [0x00000000ebd80000,0x00000000ebd80000,0x00000000ec000000)
  to   space 2560K, 0% used [0x00000000ebb00000,0x00000000ebb00000,0x00000000ebd80000)
 ParOldGen       total 44032K, used 0K [0x00000000c0000000, 0x00000000c2b00000, 0x00000000eab00000)
  object space 44032K, 0% used [0x00000000c0000000,0x00000000c0000000,0x00000000c2b00000)
 Metaspace       used 5564K, capacity 6514K, committed 6784K, reserved 1056768K
  class space    used 600K, capacity 618K, committed 640K, reserved 1048576K
Event: 0.579 GC heap after
Heap after GC invocations=1 (full 0):
 PSYoungGen      total 18944K, used 2544K [0x00000000eab00000, 0x00000000ed000000, 0x0000000100000000)
  eden space 16384K, 0% used [0x00000000eab00000,0x00000000eab00000,0x00000000ebb00000)
  from space 2560K, 99% used [0x00000000ebb00000,0x00000000ebd7c0e8,0x00000000ebd80000)
  to   space 2560K, 0% used [0x00000000ecd80000,0x00000000ecd80000,0x00000000ed000000)
 ParOldGen       total 44032K, used 1111K [0x00000000c0000000, 0x00000000c2b00000, 0x00000000eab00000)
  object space 44032K, 2% used [0x00000000c0000000,0x00000000c0115e80,0x00000000c2b00000)
 Metaspace       used 5564K, capacity 6514K, committed 6784K, reserved 1056768K
  class space    used 600K, capacity 618K, committed 640K, reserved 1048576K
}

Deoptimization events (0 events):
No events

Internal exceptions (2 events):
Event: 0.057 Thread 0x00000000021de000 Exception <a 'java/lang/NoSuchMethodError': Method sun.misc.Unsafe.defineClass(Ljava/lang/String;[BII)Ljava/lang/Class; name or signature does not match> (0x00000000eab130b8) thrown at [C:\re\workspace\8-2-build-windows-amd64-cygwin\jdk8u71\5731\hotspot\sr·®º.Œ,­?
Event: 0.057 Thread 0x00000000021de000 Exception <a 'java/lang/NoSuchMethodError': Method sun.misc.Unsafe.prefetchRead(Ljava/lang/Object;J)V name or signature does not match> (0x00000000eab133a0) thrown at [C:\re\workspace\8-2-build-windows-amd64-cygwin\jdk8u71\5731\hotspot\src\share\vm\prims\j

Events (10 events):
Event: 0.587 loading class java/util/TreeMap$EntrySet
Event: 0.587 loading class java/util/TreeMap$EntrySet done
Event: 0.587 loading class java/util/TreeMap$EntryIterator
Event: 0.587 loading class java/util/TreeMap$EntryIterator done
Event: 0.593 loading class com/android/dx/ssa/back/FirstFitLocalCombiningAllocator$Multiset
Event: 0.593 loading class com/android/dx/ssa/back/FirstFitLocalCombiningAllocator$Multiset done
Event: 0.606 loading class com/android/dx/cf/code/BytecodeArray$ConstantParserVisitor
Event: 0.606 loading class com/android/dx/cf/code/BytecodeArray$ConstantParserVisitor done
Event: 0.622 loading class java/util/ArrayList$1
Event: 0.622 loading class java/util/ArrayList$1 done


Dynamic libraries:
0x00007ff617680000 - 0x00007ff6176b7000 	C:\Program Files\Java\jdk1.8.0_71\bin\java.exe
0x00007ffdff550000 - 0x00007ffdff711000 	C:\Windows\SYSTEM32\ntdll.dll
0x00007ffdff0a0000 - 0x00007ffdff14d000 	C:\Windows\system32\KERNEL32.DLL
0x00007ffdfc130000 - 0x00007ffdfc30d000 	C:\Windows\system32\KERNELBASE.dll
0x00007ffdfd150000 - 0x00007ffdfd1f6000 	C:\Windows\system32\ADVAPI32.dll
0x00007ffdfcc60000 - 0x00007ffdfccfd000 	C:\Windows\system32\msvcrt.dll
0x00007ffdfd5c0000 - 0x00007ffdfd61b000 	C:\Windows\system32\sechost.dll
0x00007ffdfd900000 - 0x00007ffdfda26000 	C:\Windows\system32\RPCRT4.dll
0x00007ffdff150000 - 0x00007ffdff29e000 	C:\Windows\system32\USER32.dll
0x00007ffdfd270000 - 0x00007ffdfd3f6000 	C:\Windows\system32\GDI32.dll
0x00007ffdf13b0000 - 0x00007ffdf1624000 	C:\Windows\WinSxS\amd64_microsoft.windows.common-controls_6595b64144ccf1df_6.0.10240.16384_none_f41f7b285750ef43\COMCTL32.dll
0x00007ffdfcc20000 - 0x00007ffdfcc56000 	C:\Windows\system32\IMM32.DLL
0x00007ffdfcff0000 - 0x00007ffdfd14c000 	C:\Windows\system32\MSCTF.dll
0x000000005ffe0000 - 0x00000000600b2000 	C:\Program Files\Java\jdk1.8.0_71\jre\bin\msvcr100.dll
0x0000000060510000 - 0x0000000060d9f000 	C:\Program Files\Java\jdk1.8.0_71\jre\bin\server\jvm.dll
0x00007ffdfcfe0000 - 0x00007ffdfcfe8000 	C:\Windows\system32\PSAPI.DLL
0x00007ffdfa540000 - 0x00007ffdfa563000 	C:\Windows\SYSTEM32\WINMM.dll
0x00007ffdf7190000 - 0x00007ffdf7199000 	C:\Windows\SYSTEM32\WSOCK32.dll
0x00007ffdf95d0000 - 0x00007ffdf95da000 	C:\Windows\SYSTEM32\VERSION.dll
0x00007ffdfd200000 - 0x00007ffdfd269000 	C:\Windows\system32\WS2_32.dll
0x00007ffdfa510000 - 0x00007ffdfa53c000 	C:\Windows\SYSTEM32\WINMMBASE.dll
0x00007ffdff090000 - 0x00007ffdff098000 	C:\Windows\system32\NSI.dll
0x00007ffdfc0e0000 - 0x00007ffdfc124000 	C:\Windows\system32\cfgmgr32.dll
0x00007ffdfa8d0000 - 0x00007ffdfa8f7000 	C:\Windows\SYSTEM32\DEVOBJ.dll
0x0000000060500000 - 0x000000006050f000 	C:\Program Files\Java\jdk1.8.0_71\jre\bin\verify.dll
0x00000000604d0000 - 0x00000000604f9000 	C:\Program Files\Java\jdk1.8.0_71\jre\bin\java.dll
0x00000000604b0000 - 0x00000000604c6000 	C:\Program Files\Java\jdk1.8.0_71\jre\bin\zip.dll
0x00007ffdfda30000 - 0x00007ffdfef52000 	C:\Windows\system32\SHELL32.dll
0x00007ffdfc540000 - 0x00007ffdfcb68000 	C:\Windows\system32\windows.storage.dll
0x00007ffdfd620000 - 0x00007ffdfd89c000 	C:\Windows\system32\combase.dll
0x00007ffdfcd00000 - 0x00007ffdfcd51000 	C:\Windows\system32\shlwapi.dll
0x00007ffdfbfd0000 - 0x00007ffdfbfdf000 	C:\Windows\system32\kernel.appcore.dll
0x00007ffdfc020000 - 0x00007ffdfc0d3000 	C:\Windows\system32\shcore.dll
0x00007ffdfbf80000 - 0x00007ffdfbfca000 	C:\Windows\system32\powrprof.dll
0x00007ffdfc000000 - 0x00007ffdfc013000 	C:\Windows\system32\profapi.dll

VM Arguments:
jvm_args: -Djava.awt.headless=true -Xmx1024M -Dfile.encoding=GBK -Duser.country=CN -Duser.language=zh -Duser.variant 
java_command: com.android.dx.command.Main --dex --num-threads=4 --output D:\GitProject\BuyMeSth\app\build\intermediates\pre-dexed\debug\com.android.support-appcompat-v7-23.3.0_26b3d25c281db2db2de1c69ae5d79f184941e0e1.jar D:\GitProject\BuyMeSth\app\build\intermediates\exploded-aar\com.android.support\appcompat-v7\23.3.0\jars\classes.jar
java_class_path (initial): F:\Users\IamRabbit\AppData\Local\Android\sdk1\build-tools\23.0.3\lib\dx.jar
Launcher Type: SUN_STANDARD

Environment Variables:
JAVA_HOME=C:\Program Files\Java\jdk1.8.0_71\
CLASSPATH=.;C:\Program Files\Java\jre1.8.0_71\\lib;C:\Program Files\Java\jre1.8.0_71\\lib\tools.jar
PATH=C:\ProgramData\Oracle\Java\javapath;C:\Program Files (x86)\AMD APP\bin\x86_64;C:\Program Files (x86)\AMD APP\bin\x86;C:\Windows\system32;C:\Windows;C:\Windows\System32\Wbem;C:\Windows\System32\WindowsPowerShell\v1.0\;D:\Program Files\ATI Technologies\ATI.ACE\Core-Static;E:\Program Files\AMD\ATI.ACE\Core-Static;C:\Program Files (x86)\ATI Technologies\ATI.ACE\Core-Static;C:\Program Files (x86)\Windows Kits\8.1\Windows Performance Toolkit\;C:\Program Files\Microsoft SQL Server\110\Tools\Binn\;C:\Program Files\Java\jre1.8.0_71\\bin;C:\Program Files\Java\jre1.8.0_71\\jre\bin;F:\Users\IamRabbit\AppData\Local\Android\sdk1\platform-tools
USERNAME=IamRabbit
OS=Windows_NT
PROCESSOR_IDENTIFIER=AMD64 Family 21 Model 16 Stepping 1, AuthenticAMD



---------------  S Y S T E M  ---------------

OS: Windows 10.0 , 64 bit Build 10240 (10.0.10240.16384)

CPU:total 4 (4 cores per cpu, 1 threads per core) family 21 model 16 stepping 1, cmov, cx8, fxsr, mmx, sse, sse2, sse3, ssse3, sse4.1, sse4.2, popcnt, avx, aes, clmul, mmxext, 3dnowpref, lzcnt, sse4a, tsc, tscinvbit, tscinv, bmi1

Memory: 4k page, physical 4147032k(302636k free), swap 6244184k(5136k free)

vm_info: Java HotSpot(TM) 64-Bit Server VM (25.71-b15) for windows-amd64 JRE (1.8.0_71-b15), built on Dec 22 2015 18:15:55 by "java_re" with MS VC++ 10.0 (VS2010)

time: Thu Aug 11 16:10:51 2016
elapsed time: 0 seconds (0d 0h 0m 0s)

