#
# There is insufficient memory for the Java Runtime Environment to continue.
# Native memory allocation (malloc) failed to allocate 32744 bytes for ChunkPool::allocate
# Possible reasons:
#   The system is out of physical RAM or swap space
#   In 32 bit mode, the process size limit was hit
# Possible solutions:
#   Reduce memory load on the system
#   Increase physical memory or swap space
#   Check if swap backing store is full
#   Use 64 bit Java on a 64 bit OS
#   Decrease Java heap size (-Xmx/-Xms)
#   Decrease number of Java threads
#   Decrease Java thread stack sizes (-Xss)
#   Set larger code cache with -XX:ReservedCodeCacheSize=
# This output file may be truncated or incomplete.
#
#  Out of Memory Error (allocation.cpp:273), pid=19388, tid=19704
#
# JRE version: Java(TM) SE Runtime Environment (8.0_71-b15) (build 1.8.0_71-b15)
# Java VM: Java HotSpot(TM) 64-Bit Server VM (25.71-b15 mixed mode windows-amd64 compressed oops)
# Failed to write core dump. Minidumps are not enabled by default on client versions of Windows
#

---------------  T H R E A D  ---------------

Current thread (0x0000000016f1c800):  JavaThread "C1 CompilerThread2" daemon [_thread_in_native, id=19704, stack(0x00000000173c0000,0x00000000174c0000)]

Stack: [0x00000000173c0000,0x00000000174c0000]
[error occurred during error reporting (printing stack bounds), id 0xc0000005]

Native frames: (J=compiled Java code, j=interpreted, Vv=VM code, C=native code)


Current CompileTask:
C1:    722   90       3       sun.nio.cs.UTF_8$Decoder::decode (779 bytes)


---------------  P R O C E S S  ---------------

Java Threads: ( => current thread )
  0x0000000016f3a800 JavaThread "Service Thread" daemon [_thread_blocked, id=20308, stack(0x00000000174c0000,0x00000000175c0000)]
=>0x0000000016f1c800 JavaThread "C1 CompilerThread2" daemon [_thread_in_native, id=19704, stack(0x00000000173c0000,0x00000000174c0000)]
  0x0000000016ec0800 JavaThread "C2 CompilerThread1" daemon [_thread_blocked, id=20432, stack(0x00000000172c0000,0x00000000173c0000)]
  0x00000000158cc800 JavaThread "C2 CompilerThread0" daemon [_thread_blocked, id=3904, stack(0x0000000016dc0000,0x0000000016ec0000)]
  0x0000000015880000 JavaThread "Attach Listener" daemon [_thread_blocked, id=19404, stack(0x0000000016cc0000,0x0000000016dc0000)]
  0x000000001587f000 JavaThread "Signal Dispatcher" daemon [_thread_blocked, id=18652, stack(0x0000000016bc0000,0x0000000016cc0000)]
  0x0000000003190800 JavaThread "Finalizer" daemon [_thread_blocked, id=18792, stack(0x0000000016ac0000,0x0000000016bc0000)]
  0x000000000318d000 JavaThread "Reference Handler" daemon [_thread_blocked, id=10260, stack(0x00000000169c0000,0x0000000016ac0000)]
  0x000000000309e000 JavaThread "main" [_thread_in_Java, id=20192, stack(0x0000000002f00000,0x0000000003000000)]

Other Threads:
  0x0000000015837800 VMThread [stack: 0x00000000168c0000,0x00000000169c0000] [id=19668]
  0x0000000016f6c000 WatcherThread [stack: 0x00000000175c0000,0x00000000176c0000] [id=5564]

VM state:not at safepoint (normal execution)

VM Mutex/Monitor currently owned by a thread: None

Heap:
 PSYoungGen      total 18944K, used 4285K [0x00000000eab00000, 0x00000000ec000000, 0x0000000100000000)
  eden space 16384K, 26% used [0x00000000eab00000,0x00000000eaf2f5d8,0x00000000ebb00000)
  from space 2560K, 0% used [0x00000000ebd80000,0x00000000ebd80000,0x00000000ec000000)
  to   space 2560K, 0% used [0x00000000ebb00000,0x00000000ebb00000,0x00000000ebd80000)
 ParOldGen       total 44032K, used 0K [0x00000000c0000000, 0x00000000c2b00000, 0x00000000eab00000)
  object space 44032K, 0% used [0x00000000c0000000,0x00000000c0000000,0x00000000c2b00000)
 Metaspace       used 3425K, capacity 4720K, committed 4864K, reserved 1056768K
  class space    used 375K, capacity 424K, committed 512K, reserved 1048576K

Card table byte_map: [0x0000000012560000,0x0000000012770000] byte_map_base: 0x0000000011f60000

Marking Bits: (ParMarkBitMap*) 0x0000000052b3f600
 Begin Bits: [0x0000000012cd0000, 0x0000000013cd0000)
 End Bits:   [0x0000000013cd0000, 0x0000000014cd0000)

Polling page: 0x00000000010c0000

CodeCache: size=245760Kb used=1225Kb max_used=1237Kb free=244534Kb
 bounds [0x00000000031a0000, 0x0000000003410000, 0x00000000121a0000]
 total_blobs=340 nmethods=96 adapters=158
 compilation: enabled

Compilation events (10 events):
Event: 0.507 Thread 0x0000000016f1c800 nmethod 83 0x00000000032ce410 code [0x00000000032ce580, 0x00000000032ce730]
Event: 0.508 Thread 0x0000000016f1c800   84       3       java.util.zip.ZipFile::access$400 (5 bytes)
Event: 0.509 Thread 0x0000000016f1c800 nmethod 84 0x00000000032ce890 code [0x00000000032ce9e0, 0x00000000032ceb10]
Event: 0.509 Thread 0x0000000016f1c800   85       3       java.util.zip.ZipFile::ensureOpen (37 bytes)
Event: 0.509 Thread 0x0000000016f1c800 nmethod 85 0x00000000032cebd0 code [0x00000000032ced60, 0x00000000032cf038]
Event: 0.513 Thread 0x0000000016f1c800   87       1       java.util.zip.ZipFile::access$300 (5 bytes)
Event: 0.513 Thread 0x0000000016f1c800 nmethod 87 0x00000000032cf510 code [0x00000000032cf660, 0x00000000032cf750]
Event: 0.513 Thread 0x0000000016f1c800   88       1       java.util.zip.ZipCoder::isUTF8 (5 bytes)
Event: 0.513 Thread 0x0000000016f1c800 nmethod 88 0x00000000032cf7d0 code [0x00000000032cf920, 0x00000000032cfa30]
Event: 0.527 Thread 0x0000000016f1c800   90       3       sun.nio.cs.UTF_8$Decoder::decode (779 bytes)

GC Heap History (0 events):
No events

Deoptimization events (0 events):
No events

Internal exceptions (2 events):
Event: 0.063 Thread 0x000000000309e000 Exception <a 'java/lang/NoSuchMethodError': Method sun.misc.Unsafe.defineClass(Ljava/lang/String;[BII)Ljava/lang/Class; name or signature does not match> (0x00000000eab130b8) thrown at [C:\re\workspace\8-2-build-windows-amd64-cygwin\jdk8u71\5731\hotspot\sr’€i×°?
Event: 0.063 Thread 0x000000000309e000 Exception <a 'java/lang/NoSuchMethodError': Method sun.misc.Unsafe.prefetchRead(Ljava/lang/Object;J)V name or signature does not match> (0x00000000eab133a0) thrown at [C:\re\workspace\8-2-build-windows-amd64-cygwin\jdk8u71\5731\hotspot\src\share\vm\prims\j

Events (10 events):
Event: 0.475 loading class java/util/concurrent/LinkedBlockingQueue$Node
Event: 0.475 loading class java/util/concurrent/LinkedBlockingQueue$Node done
Event: 0.476 loading class com/android/dx/cf/direct/ClassPathOpener
Event: 0.476 loading class com/android/dx/cf/direct/ClassPathOpener done
Event: 0.477 loading class com/android/dx/cf/direct/ClassPathOpener$1
Event: 0.477 loading class com/android/dx/cf/direct/ClassPathOpener$1 done
Event: 0.483 loading class com/android/dx/command/dexer/Main$FileBytesConsumer
Event: 0.483 loading class com/android/dx/command/dexer/Main$FileBytesConsumer done
Event: 0.507 loading class java/util/zip/ZipFile$ZipEntryIterator
Event: 0.508 loading class java/util/zip/ZipFile$ZipEntryIterator done


Dynamic libraries:
0x00007ff752ed0000 - 0x00007ff752f07000 	C:\Program Files\Java\jdk1.8.0_71\bin\java.exe
0x00007ff9f55f0000 - 0x00007ff9f57b1000 	C:\Windows\SYSTEM32\ntdll.dll
0x00007ff9f5400000 - 0x00007ff9f54ad000 	C:\Windows\system32\KERNEL32.DLL
0x00007ff9f20c0000 - 0x00007ff9f229d000 	C:\Windows\system32\KERNELBASE.dll
0x00007ff9f4e10000 - 0x00007ff9f4eb6000 	C:\Windows\system32\ADVAPI32.dll
0x00007ff9f4800000 - 0x00007ff9f489d000 	C:\Windows\system32\msvcrt.dll
0x00007ff9f4c30000 - 0x00007ff9f4c8b000 	C:\Windows\system32\sechost.dll
0x00007ff9f4a90000 - 0x00007ff9f4bb6000 	C:\Windows\system32\RPCRT4.dll
0x00007ff9f4ed0000 - 0x00007ff9f501e000 	C:\Windows\system32\USER32.dll
0x00007ff9f4900000 - 0x00007ff9f4a86000 	C:\Windows\system32\GDI32.dll
0x00007ff9e7310000 - 0x00007ff9e7584000 	C:\Windows\WinSxS\amd64_microsoft.windows.common-controls_6595b64144ccf1df_6.0.10240.16384_none_f41f7b285750ef43\COMCTL32.dll
0x00007ff9f2cd0000 - 0x00007ff9f2d06000 	C:\Windows\system32\IMM32.DLL
0x00007ff9f5290000 - 0x00007ff9f53ec000 	C:\Windows\system32\MSCTF.dll
0x0000000051eb0000 - 0x0000000051f82000 	C:\Program Files\Java\jdk1.8.0_71\jre\bin\msvcr100.dll
0x0000000052330000 - 0x0000000052bbf000 	C:\Program Files\Java\jdk1.8.0_71\jre\bin\server\jvm.dll
0x00007ff9f4ec0000 - 0x00007ff9f4ec8000 	C:\Windows\system32\PSAPI.DLL
0x00007ff9ed6a0000 - 0x00007ff9ed6a9000 	C:\Windows\SYSTEM32\WSOCK32.dll
0x00007ff9f4d40000 - 0x00007ff9f4da9000 	C:\Windows\system32\WS2_32.dll
0x00007ff9f2cc0000 - 0x00007ff9f2cc8000 	C:\Windows\system32\NSI.dll
0x00007ff9f0630000 - 0x00007ff9f0653000 	C:\Windows\SYSTEM32\WINMM.dll
0x00007ff9eec30000 - 0x00007ff9eec3a000 	C:\Windows\SYSTEM32\VERSION.dll
0x00007ff9f0600000 - 0x00007ff9f062c000 	C:\Windows\SYSTEM32\WINMMBASE.dll
0x00007ff9f24d0000 - 0x00007ff9f2514000 	C:\Windows\system32\cfgmgr32.dll
0x00007ff9f0970000 - 0x00007ff9f0997000 	C:\Windows\SYSTEM32\DEVOBJ.dll
0x0000000053080000 - 0x000000005308f000 	C:\Program Files\Java\jdk1.8.0_71\jre\bin\verify.dll
0x0000000053050000 - 0x0000000053079000 	C:\Program Files\Java\jdk1.8.0_71\jre\bin\java.dll
0x0000000053030000 - 0x0000000053046000 	C:\Program Files\Java\jdk1.8.0_71\jre\bin\zip.dll
0x00007ff9f30e0000 - 0x00007ff9f4602000 	C:\Windows\system32\SHELL32.dll
0x00007ff9f25e0000 - 0x00007ff9f2c08000 	C:\Windows\system32\windows.storage.dll
0x00007ff9f2e60000 - 0x00007ff9f30dc000 	C:\Windows\system32\combase.dll
0x00007ff9f4db0000 - 0x00007ff9f4e01000 	C:\Windows\system32\shlwapi.dll
0x00007ff9f2020000 - 0x00007ff9f202f000 	C:\Windows\system32\kernel.appcore.dll
0x00007ff9f2520000 - 0x00007ff9f25d3000 	C:\Windows\system32\shcore.dll
0x00007ff9f2030000 - 0x00007ff9f207a000 	C:\Windows\system32\powrprof.dll
0x00007ff9f20a0000 - 0x00007ff9f20b3000 	C:\Windows\system32\profapi.dll

VM Arguments:
jvm_args: -Djava.awt.headless=true -Xmx1024M -Dfile.encoding=GBK -Duser.country=CN -Duser.language=zh -Duser.variant 
java_command: com.android.dx.command.Main --dex --num-threads=4 --output D:\GitProject\BuyMeSth\app\build\intermediates\pre-dexed\debug\glide-3.6.1_a0a7b08e75603a45bb1b2d25ff20f63f4404eae6.jar C:\Users\IamRabbit\.gradle\caches\modules-2\files-2.1\com.github.bumptech.glide\glide\3.6.1\86b122e640af09b0723e1fa44083c354ba6d9089\glide-3.6.1.jar
java_class_path (initial): F:\Users\IamRabbit\AppData\Local\Android\sdk1\build-tools\23.0.3\lib\dx.jar
Launcher Type: SUN_STANDARD

Environment Variables:
JAVA_HOME=C:\Program Files\Java\jdk1.8.0_71\
CLASSPATH=.;C:\Program Files\Java\jre1.8.0_71\\lib;C:\Program Files\Java\jre1.8.0_71\\lib\tools.jar
PATH=C:\ProgramData\Oracle\Java\javapath;C:\Program Files (x86)\AMD APP\bin\x86_64;C:\Program Files (x86)\AMD APP\bin\x86;C:\Windows\system32;C:\Windows;C:\Windows\System32\Wbem;C:\Windows\System32\WindowsPowerShell\v1.0\;D:\Program Files\ATI Technologies\ATI.ACE\Core-Static;E:\Program Files\AMD\ATI.ACE\Core-Static;C:\Program Files (x86)\ATI Technologies\ATI.ACE\Core-Static;C:\Program Files (x86)\Windows Kits\8.1\Windows Performance Toolkit\;C:\Program Files\Microsoft SQL Server\110\Tools\Binn\;C:\Program Files\Java\jre1.8.0_71\\bin;C:\Program Files\Java\jre1.8.0_71\\jre\bin;F:\Users\IamRabbit\AppData\Local\Android\sdk1\platform-tools
USERNAME=IamRabbit
OS=Windows_NT
PROCESSOR_IDENTIFIER=AMD64 Family 21 Model 16 Stepping 1, AuthenticAMD



---------------  S Y S T E M  ---------------

OS: Windows 10.0 , 64 bit Build 10240 (10.0.10240.16384)

CPU:total 4 (4 cores per cpu, 1 threads per core) family 21 model 16 stepping 1, cmov, cx8, fxsr, mmx, sse, sse2, sse3, ssse3, sse4.1, sse4.2, popcnt, avx, aes, clmul, mmxext, 3dnowpref, lzcnt, sse4a, tsc, tscinvbit, tscinv, bmi1

Memory: 4k page, physical 4147032k(348580k free), swap 6244184k(265552k free)

vm_info: Java HotSpot(TM) 64-Bit Server VM (25.71-b15) for windows-amd64 JRE (1.8.0_71-b15), built on Dec 22 2015 18:15:55 by "java_re" with MS VC++ 10.0 (VS2010)

time: Fri Aug 12 17:37:08 2016
elapsed time: 0 seconds (0d 0h 0m 0s)

